<html>
<head>
<title>TestNG:  Command line test</title>
<link href="../testng.css" rel="stylesheet" type="text/css" />
<link href="../my-testng.css" rel="stylesheet" type="text/css" />

<style type="text/css">
.log { display: none;} 
.stack-trace { display: none;} 
</style>
<script type="text/javascript">
<!--
function flip(e) {
  current = e.style.display;
  if (current == 'block') {
    e.style.display = 'none';
    return 0;
  }
  else {
    e.style.display = 'block';
    return 1;
  }
}

function toggleBox(szDivId, elem, msg1, msg2)
{
  var res = -1;  if (document.getElementById) {
    res = flip(document.getElementById(szDivId));
  }
  else if (document.all) {
    // this is the way old msie versions work
    res = flip(document.all[szDivId]);
  }
  if(elem) {
    if(res == 0) elem.innerHTML = msg1; else elem.innerHTML = msg2;
  }

}

function toggleAllBoxes() {
  if (document.getElementsByTagName) {
    d = document.getElementsByTagName('div');
    for (i = 0; i < d.length; i++) {
      if (d[i].className == 'log') {
        flip(d[i]);
      }
    }
  }
}

// -->
</script>

</head>
<body>
<h2 align='center'>Command line test</h2><table border='1' align="center">
<tr>
<td>Tests passed/Failed/Skipped:</td><td>1/3/0</td>
</tr><tr>
<td>Started on:</td><td>Sat Feb 20 03:53:47 CET 2016</td>
</tr>
<tr><td>Total time:</td><td>772 seconds (772266 ms)</td>
</tr><tr>
<td>Included groups:</td><td></td>
</tr><tr>
<td>Excluded groups:</td><td></td>
</tr>
</table><p/>
<small><i>(Hover the method name to see the test class name)</i></small><p/>
<table width='100%' border='1' class='invocation-failed'>
<tr><td colspan='4' align='center'><b>FAILED TESTS</b></td></tr>
<tr><td><b>Test method</b></td>
<td width="30%"><b>Exception</b></td>
<td width="10%"><b>Time (seconds)</b></td>
<td><b>Instance</b></td>
</tr>
<tr>
<td title='org.kossowski.elemont.domain.operacje.WydanieNabudoweTest.powtorneWydanieNaBudoweTest()'><b>powtorneWydanieNaBudoweTest</b><br>Test class: org.kossowski.elemont.domain.operacje.WydanieNabudoweTest</td>
<td><div><pre>org.testng.TestException: 
Expected exception org.kossowski.elemont.domain.IllegalStatusException but got java.lang.AssertionError: expected [Stan{stan=[ 0=&gt;100,  1=&gt;50,  2=&gt;50,  3=&gt;0,  4=&gt;0,  5=&gt;0,  6=&gt;0,  7=&gt;0  ]}] but found [Stan{stan=[ 0=&gt;100,  1=&gt;50,  2=&gt;50,  3=&gt;0,  4=&gt;0,  5=&gt;0,  6=&gt;0,  7=&gt;50  ]}]
Expected exception org.kossowski.elemont.domain.IllegalStatusException but got java.lang.AssertionError: expected [Stan{stan=[ 0=&gt;100,  1=&gt;50,  2=&gt;50,  3=&gt;0,  4=&gt;0,  5=&gt;0,  6=&gt;0,  7=&gt;0  ]}] but found [Stan{stan=[ 0=&gt;100,  1=&gt;50,  2=&gt;50,  3=&gt;0,  4=&gt;0,  5=&gt;0,  6=&gt;0,  7=&gt;50  ]}]
	... 25 more
Caused by: java.lang.AssertionError: expected [Stan{stan=[ 0=&gt;100,  1=&gt;50,  2=&gt;50,  3=&gt;0,  4=&gt;0,  5=&gt;0,  6=&gt;0,  7=&gt;0  ]}] but found [Stan{stan=[ 0=&gt;100,  1=&gt;50,  2=&gt;50,  3=&gt;0,  4=&gt;0,  5=&gt;0,  6=&gt;0,  7=&gt;50  ]}]
	at org.kossowski.elemont.domain.operacje.WydanieNabudoweTest.powtorneWydanieNaBudoweTest(WydanieNabudoweTest.java:86)
	... 27 more
... Removed 43 stack frames</pre></div><a href='#' onClick='toggleBox("stack-trace1691538257", this, "Click to show all stack frames", "Click to hide stack frames")'>Click to show all stack frames</a>
<div class='stack-trace' id='stack-trace1691538257'><pre>org.testng.TestException: 
Expected exception org.kossowski.elemont.domain.IllegalStatusException but got org.testng.TestException: 
Expected exception org.kossowski.elemont.domain.IllegalStatusException but got java.lang.AssertionError: expected [Stan{stan=[ 0=&gt;100,  1=&gt;50,  2=&gt;50,  3=&gt;0,  4=&gt;0,  5=&gt;0,  6=&gt;0,  7=&gt;0  ]}] but found [Stan{stan=[ 0=&gt;100,  1=&gt;50,  2=&gt;50,  3=&gt;0,  4=&gt;0,  5=&gt;0,  6=&gt;0,  7=&gt;50  ]}]
	at org.testng.internal.Invoker.handleInvocationResults(Invoker.java:1497)
	at org.testng.internal.Invoker.invokeTestMethods(Invoker.java:1245)
	at org.testng.internal.TestMethodWorker.invokeTestMethods(TestMethodWorker.java:127)
	at org.testng.internal.TestMethodWorker.run(TestMethodWorker.java:111)
	at org.testng.TestRunner.privateRun(TestRunner.java:767)
	at org.testng.TestRunner.run(TestRunner.java:617)
	at org.testng.SuiteRunner.runTest(SuiteRunner.java:334)
	at org.testng.SuiteRunner.runSequentially(SuiteRunner.java:329)
	at org.testng.SuiteRunner.privateRun(SuiteRunner.java:291)
	at org.testng.SuiteRunner.run(SuiteRunner.java:240)
	at org.testng.SuiteRunnerWorker.runSuite(SuiteRunnerWorker.java:52)
	at org.testng.SuiteRunnerWorker.run(SuiteRunnerWorker.java:86)
	at org.testng.TestNG.runSuitesSequentially(TestNG.java:1224)
	at org.testng.TestNG.runSuitesLocally(TestNG.java:1149)
	at org.testng.TestNG.run(TestNG.java:1057)
	at org.apache.maven.surefire.testng.TestNGExecutor.run(TestNGExecutor.java:70)
	at org.apache.maven.surefire.testng.TestNGDirectoryTestSuite.execute(TestNGDirectoryTestSuite.java:109)
	at org.apache.maven.surefire.testng.TestNGProvider.invoke(TestNGProvider.java:111)
	at sun.reflect.NativeMethodAccessorImpl.invoke0(Native Method)
	at sun.reflect.NativeMethodAccessorImpl.invoke(NativeMethodAccessorImpl.java:62)
	at sun.reflect.DelegatingMethodAccessorImpl.invoke(DelegatingMethodAccessorImpl.java:43)
	at java.lang.reflect.Method.invoke(Method.java:497)
	at org.apache.maven.surefire.util.ReflectionUtils.invokeMethodWithArray(ReflectionUtils.java:164)
	at org.apache.maven.surefire.booter.ProviderFactory$ProviderProxy.invoke(ProviderFactory.java:110)
	at org.apache.maven.surefire.booter.SurefireStarter.invokeProvider(SurefireStarter.java:175)
	at org.apache.maven.surefire.booter.SurefireStarter.runSuitesInProcessWhenForked(SurefireStarter.java:107)
	at org.apache.maven.surefire.booter.ForkedBooter.main(ForkedBooter.java:68)
Caused by: org.testng.TestException: 
Expected exception org.kossowski.elemont.domain.IllegalStatusException but got java.lang.AssertionError: expected [Stan{stan=[ 0=&gt;100,  1=&gt;50,  2=&gt;50,  3=&gt;0,  4=&gt;0,  5=&gt;0,  6=&gt;0,  7=&gt;0  ]}] but found [Stan{stan=[ 0=&gt;100,  1=&gt;50,  2=&gt;50,  3=&gt;0,  4=&gt;0,  5=&gt;0,  6=&gt;0,  7=&gt;50  ]}]
	at org.testng.internal.Invoker.handleInvocationResults(Invoker.java:1497)
	at org.testng.internal.Invoker.invokeMethod(Invoker.java:754)
	at org.testng.internal.Invoker.invokeTestMethod(Invoker.java:901)
	at org.testng.internal.Invoker.invokeTestMethods(Invoker.java:1231)
	... 25 more
Caused by: java.lang.AssertionError: expected [Stan{stan=[ 0=&gt;100,  1=&gt;50,  2=&gt;50,  3=&gt;0,  4=&gt;0,  5=&gt;0,  6=&gt;0,  7=&gt;0  ]}] but found [Stan{stan=[ 0=&gt;100,  1=&gt;50,  2=&gt;50,  3=&gt;0,  4=&gt;0,  5=&gt;0,  6=&gt;0,  7=&gt;50  ]}]
	at org.testng.Assert.fail(Assert.java:94)
	at org.testng.Assert.failNotEquals(Assert.java:494)
	at org.testng.Assert.assertEquals(Assert.java:123)
	at org.testng.Assert.assertEquals(Assert.java:165)
	at org.kossowski.elemont.domain.operacje.WydanieNabudoweTest.powtorneWydanieNaBudoweTest(WydanieNabudoweTest.java:86)
	at sun.reflect.NativeMethodAccessorImpl.invoke0(Native Method)
	at sun.reflect.NativeMethodAccessorImpl.invoke(NativeMethodAccessorImpl.java:62)
	at sun.reflect.DelegatingMethodAccessorImpl.invoke(DelegatingMethodAccessorImpl.java:43)
	at java.lang.reflect.Method.invoke(Method.java:497)
	at org.testng.internal.MethodInvocationHelper.invokeMethod(MethodInvocationHelper.java:84)
	at org.testng.internal.Invoker.invokeMethod(Invoker.java:714)
	... 27 more
</pre></div></td>
<td>0</td>
<td>org.kossowski.elemont.domain.operacje.WydanieNabudoweTest@67b467e9</td></tr>
<tr>
<td title='org.kossowski.elemont.domain.operacje.WydanieNabudoweTest.wydanieNaBudoweTest()'><b>wydanieNaBudoweTest</b><br>Test class: org.kossowski.elemont.domain.operacje.WydanieNabudoweTest</td>
<td><div><pre>java.lang.AssertionError: expected [Stan{stan=[ 0=&gt;100,  1=&gt;0,  2=&gt;100,  3=&gt;0,  4=&gt;0,  5=&gt;0,  6=&gt;0,  7=&gt;0  ]}] but found [Stan{stan=[ 0=&gt;100,  1=&gt;0,  2=&gt;100,  3=&gt;0,  4=&gt;0,  5=&gt;0,  6=&gt;0,  7=&gt;100  ]}]
	at org.kossowski.elemont.domain.operacje.WydanieNabudoweTest.wydanieNaBudoweTest(WydanieNabudoweTest.java:68)
... Removed 37 stack frames</pre></div><a href='#' onClick='toggleBox("stack-trace1226204845", this, "Click to show all stack frames", "Click to hide stack frames")'>Click to show all stack frames</a>
<div class='stack-trace' id='stack-trace1226204845'><pre>java.lang.AssertionError: expected [Stan{stan=[ 0=&gt;100,  1=&gt;0,  2=&gt;100,  3=&gt;0,  4=&gt;0,  5=&gt;0,  6=&gt;0,  7=&gt;0  ]}] but found [Stan{stan=[ 0=&gt;100,  1=&gt;0,  2=&gt;100,  3=&gt;0,  4=&gt;0,  5=&gt;0,  6=&gt;0,  7=&gt;100  ]}]
	at org.testng.Assert.fail(Assert.java:94)
	at org.testng.Assert.failNotEquals(Assert.java:494)
	at org.testng.Assert.assertEquals(Assert.java:123)
	at org.testng.Assert.assertEquals(Assert.java:165)
	at org.kossowski.elemont.domain.operacje.WydanieNabudoweTest.wydanieNaBudoweTest(WydanieNabudoweTest.java:68)
	at sun.reflect.NativeMethodAccessorImpl.invoke0(Native Method)
	at sun.reflect.NativeMethodAccessorImpl.invoke(NativeMethodAccessorImpl.java:62)
	at sun.reflect.DelegatingMethodAccessorImpl.invoke(DelegatingMethodAccessorImpl.java:43)
	at java.lang.reflect.Method.invoke(Method.java:497)
	at org.testng.internal.MethodInvocationHelper.invokeMethod(MethodInvocationHelper.java:84)
	at org.testng.internal.Invoker.invokeMethod(Invoker.java:714)
	at org.testng.internal.Invoker.invokeTestMethod(Invoker.java:901)
	at org.testng.internal.Invoker.invokeTestMethods(Invoker.java:1231)
	at org.testng.internal.TestMethodWorker.invokeTestMethods(TestMethodWorker.java:127)
	at org.testng.internal.TestMethodWorker.run(TestMethodWorker.java:111)
	at org.testng.TestRunner.privateRun(TestRunner.java:767)
	at org.testng.TestRunner.run(TestRunner.java:617)
	at org.testng.SuiteRunner.runTest(SuiteRunner.java:334)
	at org.testng.SuiteRunner.runSequentially(SuiteRunner.java:329)
	at org.testng.SuiteRunner.privateRun(SuiteRunner.java:291)
	at org.testng.SuiteRunner.run(SuiteRunner.java:240)
	at org.testng.SuiteRunnerWorker.runSuite(SuiteRunnerWorker.java:52)
	at org.testng.SuiteRunnerWorker.run(SuiteRunnerWorker.java:86)
	at org.testng.TestNG.runSuitesSequentially(TestNG.java:1224)
	at org.testng.TestNG.runSuitesLocally(TestNG.java:1149)
	at org.testng.TestNG.run(TestNG.java:1057)
	at org.apache.maven.surefire.testng.TestNGExecutor.run(TestNGExecutor.java:70)
	at org.apache.maven.surefire.testng.TestNGDirectoryTestSuite.execute(TestNGDirectoryTestSuite.java:109)
	at org.apache.maven.surefire.testng.TestNGProvider.invoke(TestNGProvider.java:111)
	at sun.reflect.NativeMethodAccessorImpl.invoke0(Native Method)
	at sun.reflect.NativeMethodAccessorImpl.invoke(NativeMethodAccessorImpl.java:62)
	at sun.reflect.DelegatingMethodAccessorImpl.invoke(DelegatingMethodAccessorImpl.java:43)
	at java.lang.reflect.Method.invoke(Method.java:497)
	at org.apache.maven.surefire.util.ReflectionUtils.invokeMethodWithArray(ReflectionUtils.java:164)
	at org.apache.maven.surefire.booter.ProviderFactory$ProviderProxy.invoke(ProviderFactory.java:110)
	at org.apache.maven.surefire.booter.SurefireStarter.invokeProvider(SurefireStarter.java:175)
	at org.apache.maven.surefire.booter.SurefireStarter.runSuitesInProcessWhenForked(SurefireStarter.java:107)
	at org.apache.maven.surefire.booter.ForkedBooter.main(ForkedBooter.java:68)
</pre></div></td>
<td>772</td>
<td>org.kossowski.elemont.domain.operacje.WydanieNabudoweTest@67b467e9</td></tr>
<tr>
<td title='org.kossowski.elemont.domain.operacje.WydanieNabudoweTest.wydanieWithNull()'><b>wydanieWithNull</b><br>Test class: org.kossowski.elemont.domain.operacje.WydanieNabudoweTest</td>
<td><div><pre>org.testng.TestException: 
Method WydanieNabudoweTest.wydanieWithNull()[pri:0, instance:org.kossowski.elemont.domain.operacje.WydanieNabudoweTest@67b467e9] should have thrown an exception of class java.lang.NullPointerException
Method WydanieNabudoweTest.wydanieWithNull()[pri:0, instance:org.kossowski.elemont.domain.operacje.WydanieNabudoweTest@67b467e9] should have thrown an exception of class java.lang.NullPointerException
	... 25 more
... Removed 33 stack frames</pre></div><a href='#' onClick='toggleBox("stack-trace413601558", this, "Click to show all stack frames", "Click to hide stack frames")'>Click to show all stack frames</a>
<div class='stack-trace' id='stack-trace413601558'><pre>org.testng.TestException: 
Expected exception java.lang.NullPointerException but got org.testng.TestException: 
Method WydanieNabudoweTest.wydanieWithNull()[pri:0, instance:org.kossowski.elemont.domain.operacje.WydanieNabudoweTest@67b467e9] should have thrown an exception of class java.lang.NullPointerException
	at org.testng.internal.Invoker.handleInvocationResults(Invoker.java:1497)
	at org.testng.internal.Invoker.invokeTestMethods(Invoker.java:1245)
	at org.testng.internal.TestMethodWorker.invokeTestMethods(TestMethodWorker.java:127)
	at org.testng.internal.TestMethodWorker.run(TestMethodWorker.java:111)
	at org.testng.TestRunner.privateRun(TestRunner.java:767)
	at org.testng.TestRunner.run(TestRunner.java:617)
	at org.testng.SuiteRunner.runTest(SuiteRunner.java:334)
	at org.testng.SuiteRunner.runSequentially(SuiteRunner.java:329)
	at org.testng.SuiteRunner.privateRun(SuiteRunner.java:291)
	at org.testng.SuiteRunner.run(SuiteRunner.java:240)
	at org.testng.SuiteRunnerWorker.runSuite(SuiteRunnerWorker.java:52)
	at org.testng.SuiteRunnerWorker.run(SuiteRunnerWorker.java:86)
	at org.testng.TestNG.runSuitesSequentially(TestNG.java:1224)
	at org.testng.TestNG.runSuitesLocally(TestNG.java:1149)
	at org.testng.TestNG.run(TestNG.java:1057)
	at org.apache.maven.surefire.testng.TestNGExecutor.run(TestNGExecutor.java:70)
	at org.apache.maven.surefire.testng.TestNGDirectoryTestSuite.execute(TestNGDirectoryTestSuite.java:109)
	at org.apache.maven.surefire.testng.TestNGProvider.invoke(TestNGProvider.java:111)
	at sun.reflect.NativeMethodAccessorImpl.invoke0(Native Method)
	at sun.reflect.NativeMethodAccessorImpl.invoke(NativeMethodAccessorImpl.java:62)
	at sun.reflect.DelegatingMethodAccessorImpl.invoke(DelegatingMethodAccessorImpl.java:43)
	at java.lang.reflect.Method.invoke(Method.java:497)
	at org.apache.maven.surefire.util.ReflectionUtils.invokeMethodWithArray(ReflectionUtils.java:164)
	at org.apache.maven.surefire.booter.ProviderFactory$ProviderProxy.invoke(ProviderFactory.java:110)
	at org.apache.maven.surefire.booter.SurefireStarter.invokeProvider(SurefireStarter.java:175)
	at org.apache.maven.surefire.booter.SurefireStarter.runSuitesInProcessWhenForked(SurefireStarter.java:107)
	at org.apache.maven.surefire.booter.ForkedBooter.main(ForkedBooter.java:68)
Caused by: org.testng.TestException: 
Method WydanieNabudoweTest.wydanieWithNull()[pri:0, instance:org.kossowski.elemont.domain.operacje.WydanieNabudoweTest@67b467e9] should have thrown an exception of class java.lang.NullPointerException
	at org.testng.internal.Invoker.handleInvocationResults(Invoker.java:1512)
	at org.testng.internal.Invoker.invokeMethod(Invoker.java:754)
	at org.testng.internal.Invoker.invokeTestMethod(Invoker.java:901)
	at org.testng.internal.Invoker.invokeTestMethods(Invoker.java:1231)
	... 25 more
</pre></div></td>
<td>0</td>
<td>org.kossowski.elemont.domain.operacje.WydanieNabudoweTest@67b467e9</td></tr>
</table><p>
<table width='100%' border='1' class='invocation-passed'>
<tr><td colspan='4' align='center'><b>PASSED TESTS</b></td></tr>
<tr><td><b>Test method</b></td>
<td width="30%"><b>Exception</b></td>
<td width="10%"><b>Time (seconds)</b></td>
<td><b>Instance</b></td>
</tr>
<tr>
<td title='org.kossowski.elemont.domain.operacje.WydanieNabudoweTest.wydanieNaBudoweTest1()'><b>wydanieNaBudoweTest1</b><br>Test class: org.kossowski.elemont.domain.operacje.WydanieNabudoweTest</td>
<td><div><pre>org.kossowski.elemont.domain.IllegalStatusException
	at org.kossowski.elemont.domain.operacje.WydanieNaBudowe.accept(WydanieNaBudowe.java:59)
	at org.kossowski.elemont.domain.operacje.WydanieNabudoweTest.wydanieNaBudoweTest1(WydanieNabudoweTest.java:102)
... Removed 33 stack frames</pre></div><a href='#' onClick='toggleBox("stack-trace1368594774", this, "Click to show all stack frames", "Click to hide stack frames")'>Click to show all stack frames</a>
<div class='stack-trace' id='stack-trace1368594774'><pre>org.kossowski.elemont.domain.IllegalStatusException
	at org.kossowski.elemont.domain.operacje.WydanieNaBudowe.accept(WydanieNaBudowe.java:59)
	at org.kossowski.elemont.domain.operacje.WydanieNabudoweTest.wydanieNaBudoweTest1(WydanieNabudoweTest.java:102)
	at sun.reflect.NativeMethodAccessorImpl.invoke0(Native Method)
	at sun.reflect.NativeMethodAccessorImpl.invoke(NativeMethodAccessorImpl.java:62)
	at sun.reflect.DelegatingMethodAccessorImpl.invoke(DelegatingMethodAccessorImpl.java:43)
	at java.lang.reflect.Method.invoke(Method.java:497)
	at org.testng.internal.MethodInvocationHelper.invokeMethod(MethodInvocationHelper.java:84)
	at org.testng.internal.Invoker.invokeMethod(Invoker.java:714)
	at org.testng.internal.Invoker.invokeTestMethod(Invoker.java:901)
	at org.testng.internal.Invoker.invokeTestMethods(Invoker.java:1231)
	at org.testng.internal.TestMethodWorker.invokeTestMethods(TestMethodWorker.java:127)
	at org.testng.internal.TestMethodWorker.run(TestMethodWorker.java:111)
	at org.testng.TestRunner.privateRun(TestRunner.java:767)
	at org.testng.TestRunner.run(TestRunner.java:617)
	at org.testng.SuiteRunner.runTest(SuiteRunner.java:334)
	at org.testng.SuiteRunner.runSequentially(SuiteRunner.java:329)
	at org.testng.SuiteRunner.privateRun(SuiteRunner.java:291)
	at org.testng.SuiteRunner.run(SuiteRunner.java:240)
	at org.testng.SuiteRunnerWorker.runSuite(SuiteRunnerWorker.java:52)
	at org.testng.SuiteRunnerWorker.run(SuiteRunnerWorker.java:86)
	at org.testng.TestNG.runSuitesSequentially(TestNG.java:1224)
	at org.testng.TestNG.runSuitesLocally(TestNG.java:1149)
	at org.testng.TestNG.run(TestNG.java:1057)
	at org.apache.maven.surefire.testng.TestNGExecutor.run(TestNGExecutor.java:70)
	at org.apache.maven.surefire.testng.TestNGDirectoryTestSuite.execute(TestNGDirectoryTestSuite.java:109)
	at org.apache.maven.surefire.testng.TestNGProvider.invoke(TestNGProvider.java:111)
	at sun.reflect.NativeMethodAccessorImpl.invoke0(Native Method)
	at sun.reflect.NativeMethodAccessorImpl.invoke(NativeMethodAccessorImpl.java:62)
	at sun.reflect.DelegatingMethodAccessorImpl.invoke(DelegatingMethodAccessorImpl.java:43)
	at java.lang.reflect.Method.invoke(Method.java:497)
	at org.apache.maven.surefire.util.ReflectionUtils.invokeMethodWithArray(ReflectionUtils.java:164)
	at org.apache.maven.surefire.booter.ProviderFactory$ProviderProxy.invoke(ProviderFactory.java:110)
	at org.apache.maven.surefire.booter.SurefireStarter.invokeProvider(SurefireStarter.java:175)
	at org.apache.maven.surefire.booter.SurefireStarter.runSuitesInProcessWhenForked(SurefireStarter.java:107)
	at org.apache.maven.surefire.booter.ForkedBooter.main(ForkedBooter.java:68)
</pre></div></td>
<td>0</td>
<td>org.kossowski.elemont.domain.operacje.WydanieNabudoweTest@67b467e9</td></tr>
</table><p>
</body>
</html>